2023-09-01 08:49:51 dagmar Logout
2023-09-01 07:51:27 shemar File Access
2023-09-01 01:52:03 annabelle Login
2023-09-01 02:18:43 adaline Login
2023-09-01 04:14:07 sidney Login
2023-09-01 10:28:06 aditya Login
2023-09-01 08:17:00 annabelle Logout
2023-09-01 11:42:54 adaline File Access
2023-09-01 10:46:04 marlee Logout
2023-09-01 08:28:44 sidney Logout
2023-09-01 00:25:00 dariana Logout
2023-09-01 02:50:33 dagmar Logout
2023-09-01 11:01:56 dariana Logout
2023-09-01 02:44:33 shemar Logout
2023-09-01 00:23:57 shemar Logout
2023-09-01 00:45:44 dagmar Logout
2023-09-01 01:30:28 marlee Logout
2023-09-01 08:55:10 marlee Login
2023-09-01 10:49:04 shemar Login
2023-09-01 11:52:33 annabelle File Access
2023-09-01 04:14:48 adaline Logout
2023-09-01 08:07:17 sidney File Access
2023-09-01 09:46:31 shemar Login
2023-09-01 08:10:49 annabelle File Access
2023-09-01 11:40:33 aditya Logout
2023-09-01 03:54:30 paula Logout
2023-09-01 02:58:21 dagmar File Access
2023-09-01 05:08:08 annabelle Login
2023-09-01 02:23:08 dagmar Logout
2023-09-01 02:42:23 dagmar Login
2023-09-01 06:08:35 dariana File Access
2023-09-01 07:33:23 sidney Login
2023-09-01 06:45:03 marlee Login
2023-09-01 07:53:48 shemar Login
2023-09-01 04:39:58 shemar Logout
2023-09-01 08:36:35 sidney File Access
2023-09-01 09:18:34 adaline File Access
2023-09-01 09:31:39 dariana Login
2023-09-01 11:27:53 adaline Logout
2023-09-01 06:15:37 annabelle File Access
2023-09-01 09:23:05 paula File Access
2023-09-01 04:06:03 marlee Login
2023-09-01 09:20:37 adaline Login
2023-09-01 01:56:02 annabelle File Access
2023-09-01 10:41:12 dariana Logout
2023-09-01 02:51:27 aditya Login
2023-09-01 01:52:28 fern Login
2023-09-01 01:13:01 marlee Login
2023-09-01 08:01:41 fern Logout
2023-09-01 11:04:51 shemar Login
2023-09-01 04:16:53 aditya Login
2023-09-01 06:52:42 aditya File Access
2023-09-01 03:13:15 dagmar File Access
2023-09-01 02:10:14 aditya File Access
2023-09-01 04:39:16 adaline File Access
2023-09-01 10:38:49 sidney Logout
2023-09-01 04:52:47 aditya Logout
2023-09-01 09:28:34 shemar Login
2023-09-01 05:16:59 adaline Login
2023-09-01 11:45:54 annabelle Login
2023-09-01 00:37:07 paula File Access
2023-09-01 11:41:42 dariana Login
2023-09-01 08:34:21 dariana Login
2023-09-01 10:15:01 marlee File Access
2023-09-01 06:58:41 dariana File Access
2023-09-01 11:35:07 annabelle File Access
2023-09-01 07:03:42 annabelle File Access
2023-09-01 08:32:35 annabelle File Access
2023-09-01 05:21:59 paula Login
2023-09-01 08:23:13 aditya Login
2023-09-01 08:49:38 aditya Login
2023-09-01 09:35:05 fern File Access
2023-09-01 04:48:00 aditya Logout
2023-09-01 05:11:42 dariana File Access
2023-09-01 01:32:51 marlee Login
2023-09-01 11:08:57 fern Logout
2023-09-01 03:11:45 aditya Logout
2023-09-01 03:25:54 aditya Login
2023-09-01 04:39:58 dariana Logout
2023-09-01 01:21:59 annabelle Logout
2023-09-01 09:18:51 marlee Login
2023-09-01 03:17:29 shemar Login
2023-09-01 00:52:00 adaline Login
2023-09-01 08:34:57 dariana Login
2023-09-01 07:35:50 sidney File Access
2023-09-01 04:04:42 annabelle Logout
2023-09-01 04:01:49 paula Login
2023-09-01 08:59:48 fern Logout
2023-09-01 00:56:02 paula File Access
2023-09-01 06:31:10 sidney Login
2023-09-01 06:28:00 marlee Logout
2023-09-01 05:21:34 aditya Logout
2023-09-01 06:20:46 adaline File Access
2023-09-01 06:36:29 adaline File Access
2023-09-01 03:18:08 paula Logout
2023-09-01 05:51:07 shemar Login
2023-09-01 05:01:53 annabelle Logout
2023-09-01 03:43:25 annabelle Login
2023-09-01 04:17:09 annabelle Logout
2023-09-01 07:30:45 fern Login
2023-09-01 09:42:08 shemar Login
2023-09-01 05:37:36 paula File Access
2023-09-01 01:09:38 fern Logout
2023-09-01 09:46:28 paula Login
2023-09-01 10:00:55 aditya File Access
2023-09-01 10:29:04 annabelle Logout
2023-09-01 05:45:06 sidney Login
2023-09-01 10:34:34 dagmar File Access
2023-09-01 02:14:01 marlee File Access
2023-09-01 09:39:07 paula Login
2023-09-01 01:19:05 aditya Logout
2023-09-01 05:44:45 fern Logout
2023-09-01 07:16:59 aditya Logout
2023-09-01 04:21:23 dariana Logout
2023-09-01 06:35:45 adaline File Access
2023-09-01 02:31:28 fern Logout
2023-09-01 02:42:16 shemar Login
2023-09-01 05:52:02 paula Login
2023-09-01 10:02:35 dagmar File Access
2023-09-01 00:57:03 marlee File Access
2023-09-01 08:49:41 annabelle File Access
2023-09-01 04:49:07 dagmar Login
2023-09-01 06:22:13 dagmar Logout
2023-09-01 02:39:06 dagmar File Access
2023-09-01 00:45:46 dagmar Logout
2023-09-01 11:33:23 shemar Login
2023-09-01 10:17:09 shemar File Access
2023-09-01 01:29:36 fern Logout
2023-09-01 07:29:25 aditya File Access
2023-09-01 06:29:42 adaline Login
2023-09-01 00:47:26 annabelle File Access
2023-09-01 08:57:26 annabelle File Access
2023-09-01 08:21:06 dagmar Login
2023-09-01 04:57:48 paula File Access
2023-09-01 11:46:53 shemar Login
2023-09-01 05:35:43 dariana Login
2023-09-01 11:50:05 sidney File Access
2023-09-01 03:13:31 annabelle Login
2023-09-01 08:41:07 marlee Logout
2023-09-01 10:15:16 annabelle Login
2023-09-01 04:10:40 dagmar Logout
2023-09-01 08:05:54 fern File Access
2023-09-01 00:51:30 marlee Login
2023-09-01 01:49:29 fern Logout
2023-09-01 07:00:06 adaline Logout
2023-09-01 08:02:12 paula Logout
2023-09-01 10:17:45 sidney File Access
2023-09-01 02:30:37 annabelle Login
2023-09-01 08:51:00 fern Login
2023-09-01 03:10:23 sidney Logout
2023-09-01 01:14:32 fern File Access
2023-09-01 02:21:35 dagmar File Access
2023-09-01 01:22:49 aditya File Access
2023-09-01 03:53:37 sidney File Access
2023-09-01 01:16:39 aditya Logout
2023-09-01 06:37:21 annabelle File Access
2023-09-01 03:56:16 paula Login
2023-09-01 05:07:28 dariana Login
2023-09-01 05:10:50 annabelle Logout
2023-09-01 01:35:40 paula File Access
2023-09-01 02:13:38 dagmar Logout
2023-09-01 00:52:47 shemar Login
2023-09-01 08:29:52 fern Logout
2023-09-01 02:28:11 annabelle File Access
2023-09-01 02:57:52 adaline Logout
2023-09-01 04:18:26 adaline Logout
2023-09-01 11:26:40 fern Login
2023-09-01 10:57:23 dariana File Access
2023-09-01 00:54:58 paula File Access
2023-09-01 06:17:49 annabelle Logout
2023-09-01 07:04:01 aditya File Access
2023-09-01 11:08:37 aditya File Access
2023-09-01 09:40:24 adaline File Access
2023-09-01 09:31:05 fern Logout
2023-09-01 09:31:21 paula File Access
2023-09-01 10:34:46 sidney Login
2023-09-01 01:39:39 marlee Logout
2023-09-01 08:13:00 dagmar Logout
2023-09-01 11:47:01 marlee File Access
2023-09-01 04:53:57 paula Login
2023-09-01 10:26:43 marlee Logout
2023-09-01 11:37:04 annabelle File Access
2023-09-01 04:20:39 sidney Logout
2023-09-01 02:27:13 dariana Logout
2023-09-01 09:44:42 sidney Logout
2023-09-01 07:49:44 annabelle File Access
2023-09-01 01:54:50 paula Logout
2023-09-01 07:23:00 paula Logout
2023-09-01 01:38:45 adaline Logout
2023-09-01 07:25:12 paula Login
2023-09-01 05:55:20 marlee File Access
2023-09-01 10:23:03 sidney File Access
2023-09-01 01:50:11 paula File Access
2023-09-01 04:55:21 sidney File Access
2023-09-01 03:18:33 dagmar File Access
2023-09-01 09:14:03 dagmar File Access
2023-09-01 00:55:16 marlee Logout
2023-09-01 04:20:46 paula Logout
2023-09-01 01:53:03 annabelle File Access
2023-09-01 01:06:41 sidney File Access
2023-09-01 03:12:19 paula File Access
2023-09-01 04:39:59 fern Login
2023-09-01 06:09:17 fern File Access
2023-09-01 10:26:39 sidney Logout
2023-09-01 08:01:54 paula File Access
2023-09-01 06:30:07 aditya File Access
2023-09-01 04:40:58 paula Login
2023-09-01 06:16:13 aditya Logout
2023-09-01 06:59:44 adaline Logout
2023-09-01 11:44:01 dagmar File Access
2023-09-01 07:05:20 dagmar Logout
2023-09-01 04:19:25 adaline Login
2023-09-01 01:12:59 fern Login
2023-09-01 08:46:47 adaline Login
2023-09-01 07:24:15 adaline Logout
2023-09-01 00:16:29 fern Logout
2023-09-01 03:29:48 adaline File Access
2023-09-01 00:31:13 fern Login
2023-09-01 05:26:25 aditya File Access
2023-09-01 03:14:40 aditya Logout
2023-09-01 09:50:40 paula File Access
2023-09-01 04:03:04 aditya File Access
2023-09-01 08:28:30 annabelle Logout
2023-09-01 08:12:00 fern Logout
2023-09-01 05:49:15 dagmar Login
2023-09-01 10:14:03 annabelle Login
2023-09-01 07:49:10 sidney Login
2023-09-01 04:18:47 paula File Access
2023-09-01 09:26:01 adaline File Access
2023-09-01 03:09:23 annabelle Logout
2023-09-01 03:41:50 shemar File Access
2023-09-01 07:41:16 shemar Logout
2023-09-01 08:32:17 aditya Login
2023-09-01 03:29:55 dagmar File Access
2023-09-01 03:16:51 paula Login
2023-09-01 07:25:27 shemar File Access
2023-09-01 09:48:25 dariana Login
2023-09-01 09:53:40 adaline Logout
2023-09-01 02:55:47 dariana Login
2023-09-01 01:27:34 shemar Logout
2023-09-01 03:13:45 shemar Login
2023-09-01 05:28:07 shemar Login
2023-09-01 08:26:45 sidney Login
2023-09-01 07:30:05 paula File Access
2023-09-01 06:25:48 aditya Logout
2023-09-01 08:46:24 dariana Logout
2023-09-01 11:31:50 adaline Logout
2023-09-01 06:55:35 paula Login
2023-09-01 06:15:45 sidney Login
2023-09-01 09:01:54 shemar Login
2023-09-01 06:08:58 adaline File Access
2023-09-01 08:48:11 dagmar Logout
2023-09-01 03:46:34 marlee File Access
2023-09-01 09:33:28 paula File Access
2023-09-01 09:03:03 fern Login
2023-09-01 06:50:39 sidney File Access
2023-09-01 06:29:49 aditya File Access
2023-09-01 07:19:45 marlee Logout
2023-09-01 10:14:14 marlee File Access
2023-09-01 04:30:48 aditya Logout
2023-09-01 09:07:46 sidney File Access
2023-09-01 11:38:39 shemar Login
2023-09-01 10:13:26 shemar Logout
2023-09-01 00:48:59 marlee File Access
2023-09-01 00:48:18 dariana Logout
2023-09-01 01:04:43 dagmar Logout
2023-09-01 11:38:57 dariana Login
2023-09-01 07:22:34 adaline Logout
2023-09-01 06:59:02 fern File Access
2023-09-01 00:09:14 sidney Login
2023-09-01 02:53:36 dagmar Logout
2023-09-01 11:36:40 fern Logout
2023-09-01 11:47:49 dariana File Access
2023-09-01 04:05:12 annabelle Login
2023-09-01 10:19:03 fern File Access
2023-09-01 05:19:35 paula File Access
2023-09-01 00:05:21 dagmar Login
2023-09-01 11:35:54 marlee Login
2023-09-01 05:32:57 adaline Logout
2023-09-01 01:32:22 marlee Logout
2023-09-01 05:10:18 annabelle Logout
2023-09-01 05:09:41 paula File Access
2023-09-01 09:04:05 aditya Logout
2023-09-01 08:32:31 marlee Logout
2023-09-01 09:32:07 fern Login
2023-09-01 09:45:56 aditya Login
2023-09-01 07:14:09 dagmar File Access
2023-09-01 01:41:09 dagmar File Access
2023-09-01 10:23:54 paula Logout
2023-09-01 07:04:20 sidney Logout
2023-09-01 06:36:44 aditya Logout
2023-09-01 09:39:31 annabelle Login
2023-09-01 01:49:28 aditya File Access
2023-09-01 00:01:05 dagmar File Access
2023-09-01 09:00:27 sidney File Access
2023-09-01 10:33:44 annabelle Login
2023-09-01 06:55:17 annabelle File Access
2023-09-01 10:42:17 annabelle Logout
2023-09-01 10:01:40 shemar Login
2023-09-01 11:57:26 shemar File Access
2023-09-01 06:18:06 shemar File Access
2023-09-01 07:00:47 paula Logout
2023-09-01 05:51:00 dagmar File Access
2023-09-01 10:01:39 marlee Login
2023-09-01 05:42:35 adaline Logout
2023-09-01 00:05:08 paula Logout
2023-09-01 01:17:07 paula Logout
2023-09-01 09:06:09 fern Login
2023-09-01 01:25:06 paula Login
2023-09-01 09:39:23 paula Logout
2023-09-01 00:53:30 dariana Login
2023-09-01 04:59:45 dagmar File Access
2023-09-01 09:25:24 aditya Logout
2023-09-01 08:14:29 annabelle Logout
2023-09-01 09:06:53 fern Login
2023-09-01 11:01:08 dariana Login
2023-09-01 02:28:44 sidney Logout
2023-09-01 01:18:31 marlee Login
2023-09-01 01:46:28 dariana Login
2023-09-01 01:49:57 fern Logout
2023-09-01 09:46:21 fern Logout
2023-09-01 01:22:31 aditya Logout
2023-09-01 01:37:40 paula Logout
2023-09-01 07:10:13 fern Login
2023-09-01 00:41:03 annabelle Logout
2023-09-01 05:07:32 aditya File Access
2023-09-01 02:15:36 marlee Logout
2023-09-01 01:03:03 annabelle Logout
2023-09-01 04:09:07 sidney File Access
2023-09-01 06:45:16 annabelle File Access
2023-09-01 06:17:28 paula Logout
2023-09-01 10:03:21 dariana Login
2023-09-01 11:51:05 fern File Access
2023-09-01 02:36:25 fern Logout
2023-09-01 01:55:50 annabelle File Access
2023-09-01 06:32:55 dagmar Login
2023-09-01 03:06:58 annabelle Logout
2023-09-01 03:51:10 fern Logout
2023-09-01 09:08:43 paula Login
2023-09-01 06:47:43 dagmar Login
2023-09-01 08:01:43 dagmar Login
2023-09-01 08:16:55 fern File Access
2023-09-01 02:41:15 shemar File Access
2023-09-01 10:44:55 sidney Logout
2023-09-01 10:56:21 sidney File Access
2023-09-01 07:53:14 aditya Login
2023-09-01 02:16:03 marlee Login
2023-09-01 05:32:19 annabelle Logout
2023-09-01 04:03:45 marlee File Access
2023-09-01 02:46:34 adaline File Access
2023-09-01 07:05:26 marlee Login
2023-09-01 08:57:16 adaline File Access
2023-09-01 11:37:52 dagmar Login
2023-09-01 03:54:45 marlee File Access
2023-09-01 08:18:56 dariana Login
2023-09-01 07:40:25 sidney File Access
2023-09-01 08:39:39 sidney File Access
2023-09-01 10:40:56 marlee File Access
2023-09-01 03:35:07 dagmar Login
2023-09-01 08:16:59 annabelle Logout
2023-09-01 01:22:56 annabelle Logout
2023-09-01 08:07:27 adaline File Access
2023-09-01 00:53:03 adaline Login
2023-09-01 00:33:03 dariana Login
2023-09-01 07:02:52 marlee File Access
2023-09-01 07:17:21 aditya Logout
2023-09-01 10:45:19 shemar File Access
2023-09-01 06:59:05 marlee Login
2023-09-01 10:34:03 dagmar File Access
2023-09-01 06:50:09 dariana File Access
2023-09-01 01:28:46 shemar Login
2023-09-01 09:42:50 sidney Login
2023-09-01 07:54:22 dagmar File Access
2023-09-01 01:02:47 adaline Logout
2023-09-01 03:51:42 marlee Login
2023-09-01 01:57:45 adaline Login
2023-09-01 09:01:31 paula File Access
2023-09-01 04:50:14 adaline File Access
2023-09-01 02:14:23 fern File Access
2023-09-01 08:14:20 dariana Login
2023-09-01 04:19:26 paula File Access
2023-09-01 08:19:21 shemar File Access
2023-09-01 10:56:03 marlee Logout
2023-09-01 01:23:43 dariana Logout
2023-09-01 04:47:02 marlee File Access
2023-09-01 00:01:13 marlee File Access
2023-09-01 03:26:10 annabelle Logout
2023-09-01 02:08:29 adaline Logout
2023-09-01 06:44:26 annabelle Logout
2023-09-01 06:40:39 marlee File Access
2023-09-01 07:12:13 annabelle Logout
2023-09-01 10:44:52 aditya Logout
2023-09-01 04:44:25 paula Login
2023-09-01 09:16:53 fern Login
2023-09-01 07:44:41 fern Login
2023-09-01 09:13:51 paula File Access
2023-09-01 08:11:09 shemar Login
2023-09-01 10:16:33 annabelle File Access
2023-09-01 08:12:58 adaline Logout
2023-09-01 07:52:53 shemar Login
2023-09-01 03:39:17 aditya Login
2023-09-01 10:48:46 aditya Logout
2023-09-01 00:52:27 annabelle File Access
2023-09-01 04:38:01 fern Logout
2023-09-01 09:32:55 marlee Logout
2023-09-01 10:22:47 paula Login
2023-09-01 11:16:54 dariana File Access
2023-09-01 03:40:07 marlee File Access
2023-09-01 10:13:35 adaline Logout
2023-09-01 07:55:26 sidney Login
2023-09-01 00:41:13 marlee Login
2023-09-01 07:28:49 sidney Login
2023-09-01 10:35:12 paula Logout
2023-09-01 02:46:01 adaline File Access
2023-09-01 07:00:39 marlee File Access
2023-09-01 02:06:01 dariana Logout
2023-09-01 00:50:17 annabelle File Access
2023-09-01 01:33:16 aditya File Access
2023-09-01 08:28:33 sidney Login
2023-09-01 07:24:59 dagmar File Access
2023-09-01 03:10:05 annabelle Logout
2023-09-01 03:01:16 shemar Logout
2023-09-01 11:22:13 shemar Logout
2023-09-01 01:10:31 marlee File Access
2023-09-01 02:51:51 sidney Logout
2023-09-01 07:23:07 sidney Login
2023-09-01 02:43:09 fern File Access
2023-09-01 00:57:16 dagmar File Access
2023-09-01 09:37:29 fern Logout
2023-09-01 03:37:31 fern Logout
2023-09-01 07:50:46 aditya Login
2023-09-01 01:34:56 dagmar Login
2023-09-01 05:54:54 marlee File Access
2023-09-01 01:52:40 paula Logout
2023-09-01 04:18:07 shemar Login
2023-09-01 11:13:23 marlee Login
2023-09-01 05:05:47 marlee Login
2023-09-01 07:44:08 dariana Login
2023-09-01 05:25:15 sidney Logout
2023-09-01 03:17:32 dariana Logout
2023-09-01 00:37:19 shemar Login
2023-09-01 07:03:30 aditya File Access
2023-09-01 05:53:56 fern Logout
2023-09-01 04:41:04 sidney File Access
2023-09-01 00:03:13 shemar Logout
2023-09-01 10:13:00 shemar Logout
2023-09-01 01:15:22 dagmar File Access
2023-09-01 11:47:57 paula File Access
2023-09-01 08:29:16 dariana File Access
2023-09-01 09:45:17 annabelle File Access
2023-09-01 05:53:50 marlee File Access
2023-09-01 01:02:46 fern File Access
2023-09-01 07:31:28 dagmar Logout
2023-09-01 00:41:58 fern Logout
2023-09-01 02:00:27 aditya File Access
2023-09-01 06:50:55 sidney File Access
2023-09-01 06:08:31 sidney Login
2023-09-01 01:04:50 marlee File Access
2023-09-01 11:44:52 sidney Login
2023-09-01 07:48:57 adaline Logout
2023-09-01 06:01:28 marlee File Access
2023-09-01 02:26:23 aditya File Access
2023-09-01 08:14:51 marlee Logout
2023-09-01 09:06:52 aditya Login
2023-09-01 08:32:56 adaline Login
2023-09-01 06:26:50 paula Logout
2023-09-01 09:25:02 dagmar Logout
2023-09-01 08:13:08 sidney Login
2023-09-01 01:32:28 aditya Login
2023-09-01 02:30:09 shemar File Access
2023-09-01 11:47:11 paula File Access
2023-09-01 08:35:44 dagmar Logout
2023-09-01 11:49:48 paula Logout
2023-09-01 04:01:18 shemar Logout
2023-09-01 08:36:29 annabelle Login
2023-09-01 07:16:15 dagmar File Access
2023-09-01 05:41:01 shemar Logout
2023-09-01 02:02:32 shemar File Access
2023-09-01 11:01:54 marlee Login
2023-09-01 03:18:43 adaline File Access
2023-09-01 10:09:51 aditya Logout
2023-09-01 07:27:42 fern File Access
2023-09-01 02:28:22 sidney File Access
2023-09-01 08:36:53 annabelle File Access
2023-09-01 05:21:55 shemar Logout
2023-09-01 02:50:25 dariana File Access
2023-09-01 00:48:08 annabelle Logout
2023-09-01 06:35:07 sidney Logout
2023-09-01 11:51:09 annabelle Login
2023-09-01 01:55:41 adaline Login
2023-09-01 03:06:34 dariana Login
2023-09-01 01:01:29 sidney Login
2023-09-01 07:59:04 fern Login
2023-09-01 05:08:53 shemar Logout
2023-09-01 02:42:17 shemar Login
2023-09-01 08:44:28 paula Logout
2023-09-01 00:57:45 sidney Logout
2023-09-01 09:51:02 dariana Logout
2023-09-01 11:04:36 annabelle Logout
2023-09-01 04:10:29 paula Logout
