2023-09-01 10:24:21 sidney Logout
2023-09-01 10:47:53 sidney Login
2023-09-01 09:28:31 johndoe Login
2023-09-01 10:44:56 johndoe Logout
2023-09-01 10:27:00 sidney Logout
2023-09-01 10:30:54 johndoe File Access
2023-09-01 09:25:42 johndoe Logout
2023-09-01 10:13:08 johndoe Login
2023-09-01 10:36:00 sidney File Access
2023-09-01 09:40:09 sidney Login
2023-09-01 09:40:02 sidney File Access
2023-09-01 10:53:25 sidney Logout
2023-09-01 09:43:19 sidney Login
2023-09-01 10:48:12 johndoe Logout
2023-09-01 09:48:29 sidney Logout
2023-09-01 09:58:05 sidney File Access
2023-09-01 09:06:54 johndoe Login
2023-09-01 10:37:06 johndoe Logout
2023-09-01 09:10:31 johndoe Logout
2023-09-01 10:06:53 sidney Login
